<?xml version="1.0" encoding="UTF-8"?>
<testng-results ignored="0" total="1" passed="1" failed="0" skipped="0">
  <reporter-output>
  </reporter-output>
  <suite started-at="2024-04-05T00:41:30 IST" name="Default suite" finished-at="2024-04-05T00:41:30 IST" duration-ms="66">
    <groups>
    </groups>
    <test started-at="2024-04-05T00:41:30 IST" name="Default test" finished-at="2024-04-05T00:41:30 IST" duration-ms="66">
      <class name="coreJAVAframework.child1">
        <test-method signature="test()[pri:0, instance:coreJAVAframework.child1@44821a96]" started-at="2024-04-05T00:41:30 IST" name="test" finished-at="2024-04-05T00:41:30 IST" duration-ms="12" status="PASS">
          <reporter-output>
          </reporter-output>
        </test-method> <!-- test -->
      </class> <!-- coreJAVAframework.child1 -->
    </test> <!-- Default test -->
  </suite> <!-- Default suite -->
</testng-results>
